INFO: [VRFC 10-163] Analyzing VHDL file "C:/Users/cesar/Desktop/Uni/Programas varios/MSC/modelado_de_sistemas_computacionales/SOURCES/debounce_module.vhd" into library xil_defaultlib
INFO: [VRFC 10-307] analyzing entity debounce_module
INFO: [VRFC 10-163] Analyzing VHDL file "C:/Users/cesar/Desktop/Uni/Programas varios/MSC/modelado_de_sistemas_computacionales/SOURCES/KYPD_controller.vhd" into library xil_defaultlib
INFO: [VRFC 10-307] analyzing entity KYPD_controller
INFO: [VRFC 10-163] Analyzing VHDL file "C:/Users/cesar/Desktop/Uni/Programas varios/MSC/modelado_de_sistemas_computacionales/SOURCES/oled_controller.vhdl" into library xil_defaultlib
INFO: [VRFC 10-307] analyzing entity oled_controller
INFO: [VRFC 10-163] Analyzing VHDL file "C:/Users/cesar/Desktop/Uni/Programas varios/MSC/modelado_de_sistemas_computacionales/SOURCES/spi_controller.vhd" into library xil_defaultlib
INFO: [VRFC 10-307] analyzing entity spi_controller
INFO: [VRFC 10-163] Analyzing VHDL file "C:/Users/cesar/Desktop/Uni/Programas varios/MSC/modelado_de_sistemas_computacionales/SOURCES/test_oled.vhd" into library xil_defaultlib
INFO: [VRFC 10-307] analyzing entity test_oled
INFO: [VRFC 10-163] Analyzing VHDL file "C:/Users/cesar/Desktop/Uni/Programas varios/MSC/modelado_de_sistemas_computacionales/SOURCES/mangm_KYPD.vhd" into library xil_defaultlib
INFO: [VRFC 10-307] analyzing entity mangm_KYPD
INFO: [VRFC 10-163] Analyzing VHDL file "C:/Users/cesar/Desktop/Uni/Programas varios/MSC/modelado_de_sistemas_computacionales/SOURCES/top_system.vhd" into library xil_defaultlib
INFO: [VRFC 10-307] analyzing entity top_system
INFO: [VRFC 10-163] Analyzing VHDL file "C:/Users/cesar/Desktop/Uni/Programas varios/MSC/modelado_de_sistemas_computacionales/SOURCES/teclado.vhdl" into library xil_defaultlib
INFO: [VRFC 10-307] analyzing entity teclado
INFO: [VRFC 10-163] Analyzing VHDL file "C:/Users/cesar/Desktop/Uni/Programas varios/MSC/modelado_de_sistemas_computacionales/SOURCES/KYPD_controller_tb.vhd" into library xil_defaultlib
INFO: [VRFC 10-307] analyzing entity KYPD_controller_tb
INFO: [VRFC 10-163] Analyzing VHDL file "C:/Users/cesar/Desktop/Uni/Programas varios/MSC/modelado_de_sistemas_computacionales/SOURCES/spi_device.vhd" into library xil_defaultlib
INFO: [VRFC 10-307] analyzing entity spi_device
INFO: [VRFC 10-163] Analyzing VHDL file "C:/Users/cesar/Desktop/Uni/Programas varios/MSC/modelado_de_sistemas_computacionales/SOURCES/spi_controller_tb.vhd" into library xil_defaultlib
INFO: [VRFC 10-307] analyzing entity spi_controller_tb
INFO: [VRFC 10-163] Analyzing VHDL file "C:/Users/cesar/Desktop/Uni/Programas varios/MSC/modelado_de_sistemas_computacionales/SOURCES/mangm_KYPD_tb.vhd" into library xil_defaultlib
INFO: [VRFC 10-307] analyzing entity mangm_KYPD_tb
INFO: [VRFC 10-163] Analyzing VHDL file "C:/Users/cesar/Desktop/Uni/Programas varios/MSC/modelado_de_sistemas_computacionales/SOURCES/top_system_tb.vhd" into library xil_defaultlib
INFO: [VRFC 10-307] analyzing entity top_system_tb
