Vivado Simulator 2017.4
Copyright 1986-1999, 2001-2016 Xilinx, Inc. All Rights Reserved.
Running: D:/Vivado/2017.4/bin/unwrapped/win64.o/xelab.exe -wto a671aaf424804c16a1741828d68b636f --debug typical --relax --mt 2 -L xil_defaultlib -L secureip --snapshot top_system_tb_behav xil_defaultlib.top_system_tb -log elaborate.log 
Using 2 slave threads.
Starting static elaboration
Completed static elaboration
Starting simulation data flow analysis
Completed simulation data flow analysis
Time Resolution for simulation is 1ps
Compiling package std.standard
Compiling package std.textio
Compiling package ieee.std_logic_1164
Compiling package ieee.numeric_std
Compiling package ieee.std_logic_arith
Compiling package ieee.std_logic_unsigned
Compiling architecture rtl of entity xil_defaultlib.debounce_module [debounce_module_default]
Compiling architecture behavior of entity xil_defaultlib.KYPD_controller [kypd_controller_default]
Compiling architecture rtl of entity xil_defaultlib.mangm_KYPD [mangm_kypd_default]
Compiling architecture rtl of entity xil_defaultlib.oled_controller [oled_controller_default]
Compiling architecture rtl of entity xil_defaultlib.spi_controller [spi_controller_default]
Compiling architecture rtl of entity xil_defaultlib.top_system [top_system_default]
Compiling architecture sim of entity xil_defaultlib.spi_device [spi_device_default]
Compiling architecture sim of entity xil_defaultlib.teclado [\teclado(rebtime=700000,m=4)\]
Compiling architecture sim of entity xil_defaultlib.top_system_tb
Built simulation snapshot top_system_tb_behav
