Vivado Simulator 2017.4
Time resolution is 1 ps
Failure: FIN CONTROLADO DE LA SIMULACION
Time: 514500 ns  Iteration: 0  Process: /KYPD_controller_tb/line__51  File: C:/Users/cesar/Desktop/Uni/Programas varios/MSC/modelado_de_sistemas_computacionales/SOURCES/KYPD_controller_tb.vhd
$finish called at time : 514500 ns : File "C:/Users/cesar/Desktop/Uni/Programas varios/MSC/modelado_de_sistemas_computacionales/SOURCES/KYPD_controller_tb.vhd" Line 61
Failure: FIN CONTROLADO DE LA SIMULACION
Time: 1029 us  Iteration: 0  Process: /KYPD_controller_tb/line__51  File: C:/Users/cesar/Desktop/Uni/Programas varios/MSC/modelado_de_sistemas_computacionales/SOURCES/KYPD_controller_tb.vhd
$finish called at time : 1029 us : File "C:/Users/cesar/Desktop/Uni/Programas varios/MSC/modelado_de_sistemas_computacionales/SOURCES/KYPD_controller_tb.vhd" Line 61
Failure: FIN CONTROLADO DE LA SIMULACION
Time: 1543500 ns  Iteration: 0  Process: /KYPD_controller_tb/line__51  File: C:/Users/cesar/Desktop/Uni/Programas varios/MSC/modelado_de_sistemas_computacionales/SOURCES/KYPD_controller_tb.vhd
$finish called at time : 1543500 ns : File "C:/Users/cesar/Desktop/Uni/Programas varios/MSC/modelado_de_sistemas_computacionales/SOURCES/KYPD_controller_tb.vhd" Line 61
Failure: FIN CONTROLADO DE LA SIMULACION
Time: 514500 ns  Iteration: 0  Process: /KYPD_controller_tb/line__51  File: C:/Users/cesar/Desktop/Uni/Programas varios/MSC/modelado_de_sistemas_computacionales/SOURCES/KYPD_controller_tb.vhd
$finish called at time : 514500 ns : File "C:/Users/cesar/Desktop/Uni/Programas varios/MSC/modelado_de_sistemas_computacionales/SOURCES/KYPD_controller_tb.vhd" Line 61
Failure: FIN CONTROLADO DE LA SIMULACION
Time: 1029 us  Iteration: 0  Process: /KYPD_controller_tb/line__51  File: C:/Users/cesar/Desktop/Uni/Programas varios/MSC/modelado_de_sistemas_computacionales/SOURCES/KYPD_controller_tb.vhd
$finish called at time : 1029 us : File "C:/Users/cesar/Desktop/Uni/Programas varios/MSC/modelado_de_sistemas_computacionales/SOURCES/KYPD_controller_tb.vhd" Line 61
Failure: FIN CONTROLADO DE LA SIMULACION
Time: 1543500 ns  Iteration: 0  Process: /KYPD_controller_tb/line__51  File: C:/Users/cesar/Desktop/Uni/Programas varios/MSC/modelado_de_sistemas_computacionales/SOURCES/KYPD_controller_tb.vhd
$finish called at time : 1543500 ns : File "C:/Users/cesar/Desktop/Uni/Programas varios/MSC/modelado_de_sistemas_computacionales/SOURCES/KYPD_controller_tb.vhd" Line 61
Failure: FIN CONTROLADO DE LA SIMULACION
Time: 2058 us  Iteration: 0  Process: /KYPD_controller_tb/line__51  File: C:/Users/cesar/Desktop/Uni/Programas varios/MSC/modelado_de_sistemas_computacionales/SOURCES/KYPD_controller_tb.vhd
$finish called at time : 2058 us : File "C:/Users/cesar/Desktop/Uni/Programas varios/MSC/modelado_de_sistemas_computacionales/SOURCES/KYPD_controller_tb.vhd" Line 61
Failure: FIN CONTROLADO DE LA SIMULACION
Time: 514500 ns  Iteration: 0  Process: /KYPD_controller_tb/line__51  File: C:/Users/cesar/Desktop/Uni/Programas varios/MSC/modelado_de_sistemas_computacionales/SOURCES/KYPD_controller_tb.vhd
$finish called at time : 514500 ns : File "C:/Users/cesar/Desktop/Uni/Programas varios/MSC/modelado_de_sistemas_computacionales/SOURCES/KYPD_controller_tb.vhd" Line 61
Failure: FIN CONTROLADO DE LA SIMULACION
Time: 1029 us  Iteration: 0  Process: /KYPD_controller_tb/line__51  File: C:/Users/cesar/Desktop/Uni/Programas varios/MSC/modelado_de_sistemas_computacionales/SOURCES/KYPD_controller_tb.vhd
$finish called at time : 1029 us : File "C:/Users/cesar/Desktop/Uni/Programas varios/MSC/modelado_de_sistemas_computacionales/SOURCES/KYPD_controller_tb.vhd" Line 61
Failure: FIN CONTROLADO DE LA SIMULACION
Time: 1543500 ns  Iteration: 0  Process: /KYPD_controller_tb/line__51  File: C:/Users/cesar/Desktop/Uni/Programas varios/MSC/modelado_de_sistemas_computacionales/SOURCES/KYPD_controller_tb.vhd
$finish called at time : 1543500 ns : File "C:/Users/cesar/Desktop/Uni/Programas varios/MSC/modelado_de_sistemas_computacionales/SOURCES/KYPD_controller_tb.vhd" Line 61
Failure: FIN CONTROLADO DE LA SIMULACION
Time: 514500 ns  Iteration: 0  Process: /KYPD_controller_tb/line__51  File: C:/Users/cesar/Desktop/Uni/Programas varios/MSC/modelado_de_sistemas_computacionales/SOURCES/KYPD_controller_tb.vhd
$finish called at time : 514500 ns : File "C:/Users/cesar/Desktop/Uni/Programas varios/MSC/modelado_de_sistemas_computacionales/SOURCES/KYPD_controller_tb.vhd" Line 61
Failure: FIN CONTROLADO DE LA SIMULACION
Time: 1029 us  Iteration: 0  Process: /KYPD_controller_tb/line__51  File: C:/Users/cesar/Desktop/Uni/Programas varios/MSC/modelado_de_sistemas_computacionales/SOURCES/KYPD_controller_tb.vhd
$finish called at time : 1029 us : File "C:/Users/cesar/Desktop/Uni/Programas varios/MSC/modelado_de_sistemas_computacionales/SOURCES/KYPD_controller_tb.vhd" Line 61
Failure: FIN CONTROLADO DE LA SIMULACION
Time: 1543500 ns  Iteration: 0  Process: /KYPD_controller_tb/line__51  File: C:/Users/cesar/Desktop/Uni/Programas varios/MSC/modelado_de_sistemas_computacionales/SOURCES/KYPD_controller_tb.vhd
$finish called at time : 1543500 ns : File "C:/Users/cesar/Desktop/Uni/Programas varios/MSC/modelado_de_sistemas_computacionales/SOURCES/KYPD_controller_tb.vhd" Line 61
Failure: FIN CONTROLADO DE LA SIMULACION
Time: 2058 us  Iteration: 0  Process: /KYPD_controller_tb/line__51  File: C:/Users/cesar/Desktop/Uni/Programas varios/MSC/modelado_de_sistemas_computacionales/SOURCES/KYPD_controller_tb.vhd
$finish called at time : 2058 us : File "C:/Users/cesar/Desktop/Uni/Programas varios/MSC/modelado_de_sistemas_computacionales/SOURCES/KYPD_controller_tb.vhd" Line 61
Failure: FIN CONTROLADO DE LA SIMULACION
Time: 514500 ns  Iteration: 0  Process: /KYPD_controller_tb/line__51  File: C:/Users/cesar/Desktop/Uni/Programas varios/MSC/modelado_de_sistemas_computacionales/SOURCES/KYPD_controller_tb.vhd
$finish called at time : 514500 ns : File "C:/Users/cesar/Desktop/Uni/Programas varios/MSC/modelado_de_sistemas_computacionales/SOURCES/KYPD_controller_tb.vhd" Line 61
Failure: FIN CONTROLADO DE LA SIMULACION
Time: 1029 us  Iteration: 0  Process: /KYPD_controller_tb/line__51  File: C:/Users/cesar/Desktop/Uni/Programas varios/MSC/modelado_de_sistemas_computacionales/SOURCES/KYPD_controller_tb.vhd
$finish called at time : 1029 us : File "C:/Users/cesar/Desktop/Uni/Programas varios/MSC/modelado_de_sistemas_computacionales/SOURCES/KYPD_controller_tb.vhd" Line 61
Failure: FIN CONTROLADO DE LA SIMULACION
Time: 1543500 ns  Iteration: 0  Process: /KYPD_controller_tb/line__51  File: C:/Users/cesar/Desktop/Uni/Programas varios/MSC/modelado_de_sistemas_computacionales/SOURCES/KYPD_controller_tb.vhd
$finish called at time : 1543500 ns : File "C:/Users/cesar/Desktop/Uni/Programas varios/MSC/modelado_de_sistemas_computacionales/SOURCES/KYPD_controller_tb.vhd" Line 61
Failure: FIN CONTROLADO DE LA SIMULACION
Time: 514500 ns  Iteration: 0  Process: /KYPD_controller_tb/line__51  File: C:/Users/cesar/Desktop/Uni/Programas varios/MSC/modelado_de_sistemas_computacionales/SOURCES/KYPD_controller_tb.vhd
$finish called at time : 514500 ns : File "C:/Users/cesar/Desktop/Uni/Programas varios/MSC/modelado_de_sistemas_computacionales/SOURCES/KYPD_controller_tb.vhd" Line 61
Failure: FIN CONTROLADO DE LA SIMULACION
Time: 1029 us  Iteration: 0  Process: /KYPD_controller_tb/line__51  File: C:/Users/cesar/Desktop/Uni/Programas varios/MSC/modelado_de_sistemas_computacionales/SOURCES/KYPD_controller_tb.vhd
$finish called at time : 1029 us : File "C:/Users/cesar/Desktop/Uni/Programas varios/MSC/modelado_de_sistemas_computacionales/SOURCES/KYPD_controller_tb.vhd" Line 61
Failure: FIN CONTROLADO DE LA SIMULACION
Time: 1543500 ns  Iteration: 0  Process: /KYPD_controller_tb/line__51  File: C:/Users/cesar/Desktop/Uni/Programas varios/MSC/modelado_de_sistemas_computacionales/SOURCES/KYPD_controller_tb.vhd
$finish called at time : 1543500 ns : File "C:/Users/cesar/Desktop/Uni/Programas varios/MSC/modelado_de_sistemas_computacionales/SOURCES/KYPD_controller_tb.vhd" Line 61
Failure: FIN CONTROLADO DE LA SIMULACION
Time: 2058 us  Iteration: 0  Process: /KYPD_controller_tb/line__51  File: C:/Users/cesar/Desktop/Uni/Programas varios/MSC/modelado_de_sistemas_computacionales/SOURCES/KYPD_controller_tb.vhd
$finish called at time : 2058 us : File "C:/Users/cesar/Desktop/Uni/Programas varios/MSC/modelado_de_sistemas_computacionales/SOURCES/KYPD_controller_tb.vhd" Line 61
Failure: FIN CONTROLADO DE LA SIMULACION
Time: 2572500 ns  Iteration: 0  Process: /KYPD_controller_tb/line__51  File: C:/Users/cesar/Desktop/Uni/Programas varios/MSC/modelado_de_sistemas_computacionales/SOURCES/KYPD_controller_tb.vhd
$finish called at time : 2572500 ns : File "C:/Users/cesar/Desktop/Uni/Programas varios/MSC/modelado_de_sistemas_computacionales/SOURCES/KYPD_controller_tb.vhd" Line 61
Failure: FIN CONTROLADO DE LA SIMULACION
Time: 3087 us  Iteration: 0  Process: /KYPD_controller_tb/line__51  File: C:/Users/cesar/Desktop/Uni/Programas varios/MSC/modelado_de_sistemas_computacionales/SOURCES/KYPD_controller_tb.vhd
$finish called at time : 3087 us : File "C:/Users/cesar/Desktop/Uni/Programas varios/MSC/modelado_de_sistemas_computacionales/SOURCES/KYPD_controller_tb.vhd" Line 61
Failure: FIN CONTROLADO DE LA SIMULACION
Time: 3601500 ns  Iteration: 0  Process: /KYPD_controller_tb/line__51  File: C:/Users/cesar/Desktop/Uni/Programas varios/MSC/modelado_de_sistemas_computacionales/SOURCES/KYPD_controller_tb.vhd
$finish called at time : 3601500 ns : File "C:/Users/cesar/Desktop/Uni/Programas varios/MSC/modelado_de_sistemas_computacionales/SOURCES/KYPD_controller_tb.vhd" Line 61
Failure: FIN CONTROLADO DE LA SIMULACION
Time: 514500 ns  Iteration: 0  Process: /KYPD_controller_tb/line__51  File: C:/Users/cesar/Desktop/Uni/Programas varios/MSC/modelado_de_sistemas_computacionales/SOURCES/KYPD_controller_tb.vhd
$finish called at time : 514500 ns : File "C:/Users/cesar/Desktop/Uni/Programas varios/MSC/modelado_de_sistemas_computacionales/SOURCES/KYPD_controller_tb.vhd" Line 61
Failure: FIN CONTROLADO DE LA SIMULACION
Time: 1029 us  Iteration: 0  Process: /KYPD_controller_tb/line__51  File: C:/Users/cesar/Desktop/Uni/Programas varios/MSC/modelado_de_sistemas_computacionales/SOURCES/KYPD_controller_tb.vhd
$finish called at time : 1029 us : File "C:/Users/cesar/Desktop/Uni/Programas varios/MSC/modelado_de_sistemas_computacionales/SOURCES/KYPD_controller_tb.vhd" Line 61
Failure: FIN CONTROLADO DE LA SIMULACION
Time: 1543500 ns  Iteration: 0  Process: /KYPD_controller_tb/line__51  File: C:/Users/cesar/Desktop/Uni/Programas varios/MSC/modelado_de_sistemas_computacionales/SOURCES/KYPD_controller_tb.vhd
$finish called at time : 1543500 ns : File "C:/Users/cesar/Desktop/Uni/Programas varios/MSC/modelado_de_sistemas_computacionales/SOURCES/KYPD_controller_tb.vhd" Line 61
Failure: FIN CONTROLADO DE LA SIMULACION
Time: 2058 us  Iteration: 0  Process: /KYPD_controller_tb/line__51  File: C:/Users/cesar/Desktop/Uni/Programas varios/MSC/modelado_de_sistemas_computacionales/SOURCES/KYPD_controller_tb.vhd
$finish called at time : 2058 us : File "C:/Users/cesar/Desktop/Uni/Programas varios/MSC/modelado_de_sistemas_computacionales/SOURCES/KYPD_controller_tb.vhd" Line 61
Failure: FIN CONTROLADO DE LA SIMULACION
Time: 514500 ns  Iteration: 0  Process: /KYPD_controller_tb/line__51  File: C:/Users/cesar/Desktop/Uni/Programas varios/MSC/modelado_de_sistemas_computacionales/SOURCES/KYPD_controller_tb.vhd
$finish called at time : 514500 ns : File "C:/Users/cesar/Desktop/Uni/Programas varios/MSC/modelado_de_sistemas_computacionales/SOURCES/KYPD_controller_tb.vhd" Line 61
Failure: FIN CONTROLADO DE LA SIMULACION
Time: 1029 us  Iteration: 0  Process: /KYPD_controller_tb/line__51  File: C:/Users/cesar/Desktop/Uni/Programas varios/MSC/modelado_de_sistemas_computacionales/SOURCES/KYPD_controller_tb.vhd
$finish called at time : 1029 us : File "C:/Users/cesar/Desktop/Uni/Programas varios/MSC/modelado_de_sistemas_computacionales/SOURCES/KYPD_controller_tb.vhd" Line 61
Failure: FIN CONTROLADO DE LA SIMULACION
Time: 1543500 ns  Iteration: 0  Process: /KYPD_controller_tb/line__51  File: C:/Users/cesar/Desktop/Uni/Programas varios/MSC/modelado_de_sistemas_computacionales/SOURCES/KYPD_controller_tb.vhd
$finish called at time : 1543500 ns : File "C:/Users/cesar/Desktop/Uni/Programas varios/MSC/modelado_de_sistemas_computacionales/SOURCES/KYPD_controller_tb.vhd" Line 61
Failure: FIN CONTROLADO DE LA SIMULACION
Time: 2058 us  Iteration: 0  Process: /KYPD_controller_tb/line__51  File: C:/Users/cesar/Desktop/Uni/Programas varios/MSC/modelado_de_sistemas_computacionales/SOURCES/KYPD_controller_tb.vhd
$finish called at time : 2058 us : File "C:/Users/cesar/Desktop/Uni/Programas varios/MSC/modelado_de_sistemas_computacionales/SOURCES/KYPD_controller_tb.vhd" Line 61
Failure: FIN CONTROLADO DE LA SIMULACION
Time: 514500 ns  Iteration: 0  Process: /KYPD_controller_tb/line__51  File: C:/Users/cesar/Desktop/Uni/Programas varios/MSC/modelado_de_sistemas_computacionales/SOURCES/KYPD_controller_tb.vhd
$finish called at time : 514500 ns : File "C:/Users/cesar/Desktop/Uni/Programas varios/MSC/modelado_de_sistemas_computacionales/SOURCES/KYPD_controller_tb.vhd" Line 61
Failure: FIN CONTROLADO DE LA SIMULACION
Time: 1029 us  Iteration: 0  Process: /KYPD_controller_tb/line__51  File: C:/Users/cesar/Desktop/Uni/Programas varios/MSC/modelado_de_sistemas_computacionales/SOURCES/KYPD_controller_tb.vhd
$finish called at time : 1029 us : File "C:/Users/cesar/Desktop/Uni/Programas varios/MSC/modelado_de_sistemas_computacionales/SOURCES/KYPD_controller_tb.vhd" Line 61
