
*** Running vivado
    with args -log KYPD_controller.vds -m64 -product Vivado -mode batch -messageDb vivado.pb -notrace -source KYPD_controller.tcl


****** Vivado v2017.4 (64-bit)
  **** SW Build 2086221 on Fri Dec 15 20:55:39 MST 2017
  **** IP Build 2085800 on Fri Dec 15 22:25:07 MST 2017
    ** Copyright 1986-2017 Xilinx, Inc. All Rights Reserved.

source KYPD_controller.tcl -notrace
Command: synth_design -top KYPD_controller -part xc7a35tcpg236-1
Starting synth_design
Attempting to get a license for feature 'Synthesis' and/or device 'xc7a35t'
INFO: [Common 17-349] Got license for feature 'Synthesis' and/or device 'xc7a35t'
INFO: Launching helper process for spawning children vivado processes
INFO: Helper process launched with PID 10188 
---------------------------------------------------------------------------------
Starting RTL Elaboration : Time (s): cpu = 00:00:06 ; elapsed = 00:00:06 . Memory (MB): peak = 346.191 ; gain = 101.688
---------------------------------------------------------------------------------
INFO: [Synth 8-638] synthesizing module 'KYPD_controller' [C:/Users/sergi/OneDrive/UNI/3º/Modelado de Sistemas Computacionales/PRACTICA_LIBRE/modelado_de_sistemas_computacionales/SOURCES/KYPD_controller.vhd:14]
INFO: [Synth 8-638] synthesizing module 'debounce_module' [C:/Users/sergi/OneDrive/UNI/3º/Modelado de Sistemas Computacionales/PRACTICA_LIBRE/modelado_de_sistemas_computacionales/SOURCES/debounce_module.vhd:14]
INFO: [Synth 8-256] done synthesizing module 'debounce_module' (1#1) [C:/Users/sergi/OneDrive/UNI/3º/Modelado de Sistemas Computacionales/PRACTICA_LIBRE/modelado_de_sistemas_computacionales/SOURCES/debounce_module.vhd:14]
INFO: [Synth 8-226] default block is never used [C:/Users/sergi/OneDrive/UNI/3º/Modelado de Sistemas Computacionales/PRACTICA_LIBRE/modelado_de_sistemas_computacionales/SOURCES/KYPD_controller.vhd:112]
INFO: [Synth 8-256] done synthesizing module 'KYPD_controller' (2#1) [C:/Users/sergi/OneDrive/UNI/3º/Modelado de Sistemas Computacionales/PRACTICA_LIBRE/modelado_de_sistemas_computacionales/SOURCES/KYPD_controller.vhd:14]
TclStackFree: incorrect freePtr. Call out of sequence?
