
*** Running vivado
    with args -log top_system.vdi -applog -m64 -product Vivado -messageDb vivado.pb -mode batch -source top_system.tcl -notrace


****** Vivado v2017.4 (64-bit)
  **** SW Build 2086221 on Fri Dec 15 20:55:39 MST 2017
  **** IP Build 2085800 on Fri Dec 15 22:25:07 MST 2017
    ** Copyright 1986-2017 Xilinx, Inc. All Rights Reserved.

source top_system.tcl -notrace
Command: link_design -top top_system -part xc7a35tcpg236-1
Design is defaulting to srcset: sources_1
Design is defaulting to constrset: constrs_1
INFO: [Netlist 29-17] Analyzing 18 Unisim elements for replacement
INFO: [Netlist 29-28] Unisim Transformation completed in 0 CPU seconds
INFO: [Project 1-479] Netlist was created with Vivado 2017.4
INFO: [Device 21-403] Loading part xc7a35tcpg236-1
INFO: [Project 1-570] Preparing netlist for logic optimization
Parsing XDC File [C:/Users/cesar/Desktop/Uni/Programas varios/MSC/modelado_de_sistemas_computacionales/SOURCES/test_oled.xdc]
WARNING: [Vivado 12-584] No ports matched 'DATA_OK'. [C:/Users/cesar/Desktop/Uni/Programas varios/MSC/modelado_de_sistemas_computacionales/SOURCES/test_oled.xdc:31]
CRITICAL WARNING: [Common 17-55] 'set_property' expects at least one object. [C:/Users/cesar/Desktop/Uni/Programas varios/MSC/modelado_de_sistemas_computacionales/SOURCES/test_oled.xdc:31]
Resolution: If [get_<value>] was used to populate the object, check to make sure this command returns at least one valid object.
WARNING: [Vivado 12-584] No ports matched 'DATA_OK'. [C:/Users/cesar/Desktop/Uni/Programas varios/MSC/modelado_de_sistemas_computacionales/SOURCES/test_oled.xdc:32]
CRITICAL WARNING: [Common 17-55] 'set_property' expects at least one object. [C:/Users/cesar/Desktop/Uni/Programas varios/MSC/modelado_de_sistemas_computacionales/SOURCES/test_oled.xdc:32]
Resolution: If [get_<value>] was used to populate the object, check to make sure this command returns at least one valid object.
WARNING: [Vivado 12-584] No ports matched 'DATA[0]'. [C:/Users/cesar/Desktop/Uni/Programas varios/MSC/modelado_de_sistemas_computacionales/SOURCES/test_oled.xdc:36]
CRITICAL WARNING: [Common 17-55] 'set_property' expects at least one object. [C:/Users/cesar/Desktop/Uni/Programas varios/MSC/modelado_de_sistemas_computacionales/SOURCES/test_oled.xdc:36]
Resolution: If [get_<value>] was used to populate the object, check to make sure this command returns at least one valid object.
WARNING: [Vivado 12-584] No ports matched 'DATA[0]'. [C:/Users/cesar/Desktop/Uni/Programas varios/MSC/modelado_de_sistemas_computacionales/SOURCES/test_oled.xdc:37]
CRITICAL WARNING: [Common 17-55] 'set_property' expects at least one object. [C:/Users/cesar/Desktop/Uni/Programas varios/MSC/modelado_de_sistemas_computacionales/SOURCES/test_oled.xdc:37]
Resolution: If [get_<value>] was used to populate the object, check to make sure this command returns at least one valid object.
WARNING: [Vivado 12-584] No ports matched 'DATA[1]'. [C:/Users/cesar/Desktop/Uni/Programas varios/MSC/modelado_de_sistemas_computacionales/SOURCES/test_oled.xdc:38]
CRITICAL WARNING: [Common 17-55] 'set_property' expects at least one object. [C:/Users/cesar/Desktop/Uni/Programas varios/MSC/modelado_de_sistemas_computacionales/SOURCES/test_oled.xdc:38]
Resolution: If [get_<value>] was used to populate the object, check to make sure this command returns at least one valid object.
WARNING: [Vivado 12-584] No ports matched 'DATA[1]'. [C:/Users/cesar/Desktop/Uni/Programas varios/MSC/modelado_de_sistemas_computacionales/SOURCES/test_oled.xdc:39]
CRITICAL WARNING: [Common 17-55] 'set_property' expects at least one object. [C:/Users/cesar/Desktop/Uni/Programas varios/MSC/modelado_de_sistemas_computacionales/SOURCES/test_oled.xdc:39]
Resolution: If [get_<value>] was used to populate the object, check to make sure this command returns at least one valid object.
WARNING: [Vivado 12-584] No ports matched 'DATA[2]'. [C:/Users/cesar/Desktop/Uni/Programas varios/MSC/modelado_de_sistemas_computacionales/SOURCES/test_oled.xdc:40]
CRITICAL WARNING: [Common 17-55] 'set_property' expects at least one object. [C:/Users/cesar/Desktop/Uni/Programas varios/MSC/modelado_de_sistemas_computacionales/SOURCES/test_oled.xdc:40]
Resolution: If [get_<value>] was used to populate the object, check to make sure this command returns at least one valid object.
WARNING: [Vivado 12-584] No ports matched 'DATA[2]'. [C:/Users/cesar/Desktop/Uni/Programas varios/MSC/modelado_de_sistemas_computacionales/SOURCES/test_oled.xdc:41]
CRITICAL WARNING: [Common 17-55] 'set_property' expects at least one object. [C:/Users/cesar/Desktop/Uni/Programas varios/MSC/modelado_de_sistemas_computacionales/SOURCES/test_oled.xdc:41]
Resolution: If [get_<value>] was used to populate the object, check to make sure this command returns at least one valid object.
WARNING: [Vivado 12-584] No ports matched 'DATA[3]'. [C:/Users/cesar/Desktop/Uni/Programas varios/MSC/modelado_de_sistemas_computacionales/SOURCES/test_oled.xdc:42]
CRITICAL WARNING: [Common 17-55] 'set_property' expects at least one object. [C:/Users/cesar/Desktop/Uni/Programas varios/MSC/modelado_de_sistemas_computacionales/SOURCES/test_oled.xdc:42]
Resolution: If [get_<value>] was used to populate the object, check to make sure this command returns at least one valid object.
WARNING: [Vivado 12-584] No ports matched 'DATA[3]'. [C:/Users/cesar/Desktop/Uni/Programas varios/MSC/modelado_de_sistemas_computacionales/SOURCES/test_oled.xdc:43]
CRITICAL WARNING: [Common 17-55] 'set_property' expects at least one object. [C:/Users/cesar/Desktop/Uni/Programas varios/MSC/modelado_de_sistemas_computacionales/SOURCES/test_oled.xdc:43]
Resolution: If [get_<value>] was used to populate the object, check to make sure this command returns at least one valid object.
WARNING: [Vivado 12-584] No ports matched 'DATA[4]'. [C:/Users/cesar/Desktop/Uni/Programas varios/MSC/modelado_de_sistemas_computacionales/SOURCES/test_oled.xdc:44]
CRITICAL WARNING: [Common 17-55] 'set_property' expects at least one object. [C:/Users/cesar/Desktop/Uni/Programas varios/MSC/modelado_de_sistemas_computacionales/SOURCES/test_oled.xdc:44]
Resolution: If [get_<value>] was used to populate the object, check to make sure this command returns at least one valid object.
WARNING: [Vivado 12-584] No ports matched 'DATA[4]'. [C:/Users/cesar/Desktop/Uni/Programas varios/MSC/modelado_de_sistemas_computacionales/SOURCES/test_oled.xdc:45]
CRITICAL WARNING: [Common 17-55] 'set_property' expects at least one object. [C:/Users/cesar/Desktop/Uni/Programas varios/MSC/modelado_de_sistemas_computacionales/SOURCES/test_oled.xdc:45]
Resolution: If [get_<value>] was used to populate the object, check to make sure this command returns at least one valid object.
WARNING: [Vivado 12-584] No ports matched 'DATA[5]'. [C:/Users/cesar/Desktop/Uni/Programas varios/MSC/modelado_de_sistemas_computacionales/SOURCES/test_oled.xdc:46]
CRITICAL WARNING: [Common 17-55] 'set_property' expects at least one object. [C:/Users/cesar/Desktop/Uni/Programas varios/MSC/modelado_de_sistemas_computacionales/SOURCES/test_oled.xdc:46]
Resolution: If [get_<value>] was used to populate the object, check to make sure this command returns at least one valid object.
WARNING: [Vivado 12-584] No ports matched 'DATA[5]'. [C:/Users/cesar/Desktop/Uni/Programas varios/MSC/modelado_de_sistemas_computacionales/SOURCES/test_oled.xdc:47]
CRITICAL WARNING: [Common 17-55] 'set_property' expects at least one object. [C:/Users/cesar/Desktop/Uni/Programas varios/MSC/modelado_de_sistemas_computacionales/SOURCES/test_oled.xdc:47]
Resolution: If [get_<value>] was used to populate the object, check to make sure this command returns at least one valid object.
WARNING: [Vivado 12-584] No ports matched 'DATA[6]'. [C:/Users/cesar/Desktop/Uni/Programas varios/MSC/modelado_de_sistemas_computacionales/SOURCES/test_oled.xdc:48]
CRITICAL WARNING: [Common 17-55] 'set_property' expects at least one object. [C:/Users/cesar/Desktop/Uni/Programas varios/MSC/modelado_de_sistemas_computacionales/SOURCES/test_oled.xdc:48]
Resolution: If [get_<value>] was used to populate the object, check to make sure this command returns at least one valid object.
WARNING: [Vivado 12-584] No ports matched 'DATA[6]'. [C:/Users/cesar/Desktop/Uni/Programas varios/MSC/modelado_de_sistemas_computacionales/SOURCES/test_oled.xdc:49]
CRITICAL WARNING: [Common 17-55] 'set_property' expects at least one object. [C:/Users/cesar/Desktop/Uni/Programas varios/MSC/modelado_de_sistemas_computacionales/SOURCES/test_oled.xdc:49]
Resolution: If [get_<value>] was used to populate the object, check to make sure this command returns at least one valid object.
WARNING: [Vivado 12-584] No ports matched 'DATA[7]'. [C:/Users/cesar/Desktop/Uni/Programas varios/MSC/modelado_de_sistemas_computacionales/SOURCES/test_oled.xdc:50]
CRITICAL WARNING: [Common 17-55] 'set_property' expects at least one object. [C:/Users/cesar/Desktop/Uni/Programas varios/MSC/modelado_de_sistemas_computacionales/SOURCES/test_oled.xdc:50]
Resolution: If [get_<value>] was used to populate the object, check to make sure this command returns at least one valid object.
WARNING: [Vivado 12-584] No ports matched 'DATA[7]'. [C:/Users/cesar/Desktop/Uni/Programas varios/MSC/modelado_de_sistemas_computacionales/SOURCES/test_oled.xdc:51]
CRITICAL WARNING: [Common 17-55] 'set_property' expects at least one object. [C:/Users/cesar/Desktop/Uni/Programas varios/MSC/modelado_de_sistemas_computacionales/SOURCES/test_oled.xdc:51]
Resolution: If [get_<value>] was used to populate the object, check to make sure this command returns at least one valid object.
Finished Parsing XDC File [C:/Users/cesar/Desktop/Uni/Programas varios/MSC/modelado_de_sistemas_computacionales/SOURCES/test_oled.xdc]
Parsing XDC File [C:/Users/cesar/Desktop/Uni/Programas varios/MSC/modelado_de_sistemas_computacionales/SOURCES/top_system.xdc]
Finished Parsing XDC File [C:/Users/cesar/Desktop/Uni/Programas varios/MSC/modelado_de_sistemas_computacionales/SOURCES/top_system.xdc]
INFO: [Opt 31-138] Pushed 0 inverter(s) to 0 load pin(s).
INFO: [Project 1-111] Unisim Transformation Summary:
No Unisim elements were transformed.

7 Infos, 18 Warnings, 18 Critical Warnings and 0 Errors encountered.
link_design completed successfully
link_design: Time (s): cpu = 00:00:07 ; elapsed = 00:00:07 . Memory (MB): peak = 542.785 ; gain = 305.949
Command: opt_design
Attempting to get a license for feature 'Implementation' and/or device 'xc7a35t'
INFO: [Common 17-349] Got license for feature 'Implementation' and/or device 'xc7a35t'
Running DRC as a precondition to command opt_design

Starting DRC Task
INFO: [DRC 23-27] Running DRC with 2 threads
INFO: [Project 1-461] DRC finished with 0 Errors
INFO: [Project 1-462] Please refer to the DRC report (report_drc) for more information.

Time (s): cpu = 00:00:01 ; elapsed = 00:00:00.723 . Memory (MB): peak = 559.465 ; gain = 16.680
INFO: [Timing 38-35] Done setting XDC timing constraints.

Starting Logic Optimization Task

Phase 1 Retarget
INFO: [Opt 31-138] Pushed 0 inverter(s) to 0 load pin(s).
INFO: [Opt 31-49] Retargeted 0 cell(s).
Phase 1 Retarget | Checksum: 9e28cf0c

Time (s): cpu = 00:00:00 ; elapsed = 00:00:00.116 . Memory (MB): peak = 1104.223 ; gain = 0.000
INFO: [Opt 31-389] Phase Retarget created 6 cells and removed 6 cells

Phase 2 Constant propagation
INFO: [Opt 31-138] Pushed 0 inverter(s) to 0 load pin(s).
Phase 2 Constant propagation | Checksum: 9e28cf0c

Time (s): cpu = 00:00:00 ; elapsed = 00:00:00.138 . Memory (MB): peak = 1104.223 ; gain = 0.000
INFO: [Opt 31-389] Phase Constant propagation created 0 cells and removed 0 cells

Phase 3 Sweep
Phase 3 Sweep | Checksum: b0f502d9

Time (s): cpu = 00:00:00 ; elapsed = 00:00:00.177 . Memory (MB): peak = 1104.223 ; gain = 0.000
INFO: [Opt 31-389] Phase Sweep created 1 cells and removed 0 cells

Phase 4 BUFG optimization
Phase 4 BUFG optimization | Checksum: b0f502d9

Time (s): cpu = 00:00:00 ; elapsed = 00:00:00.194 . Memory (MB): peak = 1104.223 ; gain = 0.000
INFO: [Opt 31-389] Phase BUFG optimization created 0 cells and removed 0 cells

Phase 5 Shift Register Optimization
Phase 5 Shift Register Optimization | Checksum: b0f502d9

Time (s): cpu = 00:00:00 ; elapsed = 00:00:00.204 . Memory (MB): peak = 1104.223 ; gain = 0.000
INFO: [Opt 31-389] Phase Shift Register Optimization created 0 cells and removed 0 cells

Starting Connectivity Check Task

Time (s): cpu = 00:00:00 ; elapsed = 00:00:00.001 . Memory (MB): peak = 1104.223 ; gain = 0.000
Ending Logic Optimization Task | Checksum: 489c680c

Time (s): cpu = 00:00:00 ; elapsed = 00:00:00.211 . Memory (MB): peak = 1104.223 ; gain = 0.000

Starting Power Optimization Task
INFO: [Pwropt 34-132] Skipping clock gating for clocks with a period < 2.00 ns.
INFO: [Pwropt 34-9] Applying IDT optimizations ...
INFO: [Pwropt 34-10] Applying ODC optimizations ...
INFO: [Timing 38-35] Done setting XDC timing constraints.
INFO: [Physopt 32-619] Estimated Timing Summary | WNS=0.000 | TNS=0.000 |
WARNING: [Power 33-232] No user defined clocks were found in the design!
Resolution: Please specify clocks using create_clock/create_generated_clock for sequential elements. For pure combinatorial circuits, please specify a virtual clock, otherwise the vectorless estimation might be inaccurate
Running Vector-less Activity Propagation...

Finished Running Vector-less Activity Propagation


Starting PowerOpt Patch Enables Task
INFO: [Pwropt 34-162] WRITE_MODE attribute of 0 BRAM(s) out of a total of 1 has been updated to save power. Run report_power_opt to get a complete listing of the BRAMs updated.
INFO: [Pwropt 34-201] Structural ODC has moved 0 WE to EN ports
Number of BRAM Ports augmented: 0 newly gated: 0 Total Ports: 2
Ending PowerOpt Patch Enables Task | Checksum: 1109fed54

Time (s): cpu = 00:00:00 ; elapsed = 00:00:00.020 . Memory (MB): peak = 1244.199 ; gain = 0.000
Ending Power Optimization Task | Checksum: 1109fed54

Time (s): cpu = 00:00:02 ; elapsed = 00:00:02 . Memory (MB): peak = 1244.199 ; gain = 139.977
INFO: [Common 17-83] Releasing license: Implementation
28 Infos, 19 Warnings, 18 Critical Warnings and 0 Errors encountered.
opt_design completed successfully
opt_design: Time (s): cpu = 00:00:14 ; elapsed = 00:00:15 . Memory (MB): peak = 1244.199 ; gain = 701.414
Writing placer database...
Writing XDEF routing.
Writing XDEF routing logical nets.
Writing XDEF routing special nets.
Write XDEF Complete: Time (s): cpu = 00:00:00 ; elapsed = 00:00:00.056 . Memory (MB): peak = 1244.199 ; gain = 0.000
INFO: [Common 17-1381] The checkpoint 'C:/Users/cesar/Desktop/Uni/Programas varios/MSC/modelado_de_sistemas_computacionales/PRAC_LIBRE/PRAC_LIBRE.runs/impl_1/top_system_opt.dcp' has been generated.
INFO: [runtcl-4] Executing : report_drc -file top_system_drc_opted.rpt -pb top_system_drc_opted.pb -rpx top_system_drc_opted.rpx
Command: report_drc -file top_system_drc_opted.rpt -pb top_system_drc_opted.pb -rpx top_system_drc_opted.rpx
INFO: [IP_Flow 19-234] Refreshing IP repositories
INFO: [IP_Flow 19-1704] No user IP repositories specified
INFO: [IP_Flow 19-2313] Loaded Vivado IP repository 'D:/Vivado/2017.4/data/ip'.
INFO: [DRC 23-27] Running DRC with 2 threads
INFO: [Coretcl 2-168] The results of DRC are in file C:/Users/cesar/Desktop/Uni/Programas varios/MSC/modelado_de_sistemas_computacionales/PRAC_LIBRE/PRAC_LIBRE.runs/impl_1/top_system_drc_opted.rpt.
report_drc completed successfully
INFO: [Chipscope 16-241] No debug cores found in the current design.
Before running the implement_debug_core command, either use the Set Up Debug wizard (GUI mode)
or use the create_debug_core and connect_debug_core Tcl commands to insert debug cores into the design.
Command: place_design
Attempting to get a license for feature 'Implementation' and/or device 'xc7a35t'
INFO: [Common 17-349] Got license for feature 'Implementation' and/or device 'xc7a35t'
INFO: [DRC 23-27] Running DRC with 2 threads
INFO: [Vivado_Tcl 4-198] DRC finished with 0 Errors
INFO: [Vivado_Tcl 4-199] Please refer to the DRC report (report_drc) for more information.
Running DRC as a precondition to command place_design
INFO: [DRC 23-27] Running DRC with 2 threads
WARNING: [DRC REQP-1840] RAMB18 async control check: The RAMB18E1 U_OLED/DOUT_dec_reg has an input control pin U_OLED/DOUT_dec_reg/ADDRARDADDR[10] (net: U_OLED/cnt_pix__0[6]) which is driven by a register (U_OLED/cnt_pix_reg_rep[6]) that has an active asychronous set or reset. This may cause corruption of the memory contents and/or read values when the set/reset is asserted and is not analyzed by the default static timing analysis. It is suggested to eliminate the use of a set/reset to registers driving this RAMB pin or else use a synchronous reset in which the assertion of the reset is timed by default.
WARNING: [DRC REQP-1840] RAMB18 async control check: The RAMB18E1 U_OLED/DOUT_dec_reg has an input control pin U_OLED/DOUT_dec_reg/ADDRARDADDR[11] (net: U_OLED/cnt_pix__0[7]) which is driven by a register (U_OLED/cnt_pix_reg_rep[7]) that has an active asychronous set or reset. This may cause corruption of the memory contents and/or read values when the set/reset is asserted and is not analyzed by the default static timing analysis. It is suggested to eliminate the use of a set/reset to registers driving this RAMB pin or else use a synchronous reset in which the assertion of the reset is timed by default.
WARNING: [DRC REQP-1840] RAMB18 async control check: The RAMB18E1 U_OLED/DOUT_dec_reg has an input control pin U_OLED/DOUT_dec_reg/ADDRARDADDR[12] (net: U_OLED/cnt_pix__0[8]) which is driven by a register (U_OLED/cnt_pix_reg_rep[8]) that has an active asychronous set or reset. This may cause corruption of the memory contents and/or read values when the set/reset is asserted and is not analyzed by the default static timing analysis. It is suggested to eliminate the use of a set/reset to registers driving this RAMB pin or else use a synchronous reset in which the assertion of the reset is timed by default.
WARNING: [DRC REQP-1840] RAMB18 async control check: The RAMB18E1 U_OLED/DOUT_dec_reg has an input control pin U_OLED/DOUT_dec_reg/ADDRARDADDR[13] (net: U_OLED/cnt_pix__0[9]) which is driven by a register (U_OLED/cnt_pix_reg_rep[9]) that has an active asychronous set or reset. This may cause corruption of the memory contents and/or read values when the set/reset is asserted and is not analyzed by the default static timing analysis. It is suggested to eliminate the use of a set/reset to registers driving this RAMB pin or else use a synchronous reset in which the assertion of the reset is timed by default.
WARNING: [DRC REQP-1840] RAMB18 async control check: The RAMB18E1 U_OLED/DOUT_dec_reg has an input control pin U_OLED/DOUT_dec_reg/ADDRARDADDR[4] (net: U_OLED/cnt_pix__0[0]) which is driven by a register (U_OLED/cnt_pix_reg_rep[0]) that has an active asychronous set or reset. This may cause corruption of the memory contents and/or read values when the set/reset is asserted and is not analyzed by the default static timing analysis. It is suggested to eliminate the use of a set/reset to registers driving this RAMB pin or else use a synchronous reset in which the assertion of the reset is timed by default.
WARNING: [DRC REQP-1840] RAMB18 async control check: The RAMB18E1 U_OLED/DOUT_dec_reg has an input control pin U_OLED/DOUT_dec_reg/ADDRARDADDR[5] (net: U_OLED/cnt_pix__0[1]) which is driven by a register (U_OLED/cnt_pix_reg_rep[1]) that has an active asychronous set or reset. This may cause corruption of the memory contents and/or read values when the set/reset is asserted and is not analyzed by the default static timing analysis. It is suggested to eliminate the use of a set/reset to registers driving this RAMB pin or else use a synchronous reset in which the assertion of the reset is timed by default.
WARNING: [DRC REQP-1840] RAMB18 async control check: The RAMB18E1 U_OLED/DOUT_dec_reg has an input control pin U_OLED/DOUT_dec_reg/ADDRARDADDR[6] (net: U_OLED/cnt_pix__0[2]) which is driven by a register (U_OLED/cnt_pix_reg_rep[2]) that has an active asychronous set or reset. This may cause corruption of the memory contents and/or read values when the set/reset is asserted and is not analyzed by the default static timing analysis. It is suggested to eliminate the use of a set/reset to registers driving this RAMB pin or else use a synchronous reset in which the assertion of the reset is timed by default.
WARNING: [DRC REQP-1840] RAMB18 async control check: The RAMB18E1 U_OLED/DOUT_dec_reg has an input control pin U_OLED/DOUT_dec_reg/ADDRARDADDR[7] (net: U_OLED/cnt_pix__0[3]) which is driven by a register (U_OLED/cnt_pix_reg_rep[3]) that has an active asychronous set or reset. This may cause corruption of the memory contents and/or read values when the set/reset is asserted and is not analyzed by the default static timing analysis. It is suggested to eliminate the use of a set/reset to registers driving this RAMB pin or else use a synchronous reset in which the assertion of the reset is timed by default.
WARNING: [DRC REQP-1840] RAMB18 async control check: The RAMB18E1 U_OLED/DOUT_dec_reg has an input control pin U_OLED/DOUT_dec_reg/ADDRARDADDR[8] (net: U_OLED/cnt_pix__0[4]) which is driven by a register (U_OLED/cnt_pix_reg_rep[4]) that has an active asychronous set or reset. This may cause corruption of the memory contents and/or read values when the set/reset is asserted and is not analyzed by the default static timing analysis. It is suggested to eliminate the use of a set/reset to registers driving this RAMB pin or else use a synchronous reset in which the assertion of the reset is timed by default.
WARNING: [DRC REQP-1840] RAMB18 async control check: The RAMB18E1 U_OLED/DOUT_dec_reg has an input control pin U_OLED/DOUT_dec_reg/ADDRARDADDR[9] (net: U_OLED/cnt_pix__0[5]) which is driven by a register (U_OLED/cnt_pix_reg_rep[5]) that has an active asychronous set or reset. This may cause corruption of the memory contents and/or read values when the set/reset is asserted and is not analyzed by the default static timing analysis. It is suggested to eliminate the use of a set/reset to registers driving this RAMB pin or else use a synchronous reset in which the assertion of the reset is timed by default.
INFO: [Vivado_Tcl 4-198] DRC finished with 0 Errors, 10 Warnings
INFO: [Vivado_Tcl 4-199] Please refer to the DRC report (report_drc) for more information.

Starting Placer Task
INFO: [Place 30-611] Multithreading enabled for place_design using a maximum of 2 CPUs

Phase 1 Placer Initialization

Phase 1.1 Placer Initialization Netlist Sorting
Netlist sorting complete. Time (s): cpu = 00:00:00 ; elapsed = 00:00:00.001 . Memory (MB): peak = 1244.199 ; gain = 0.000
Phase 1.1 Placer Initialization Netlist Sorting | Checksum: 2b1f588c

Time (s): cpu = 00:00:00 ; elapsed = 00:00:00.039 . Memory (MB): peak = 1244.199 ; gain = 0.000
INFO: [Timing 38-35] Done setting XDC timing constraints.
INFO: [Opt 31-138] Pushed 0 inverter(s) to 0 load pin(s).
Netlist sorting complete. Time (s): cpu = 00:00:00 ; elapsed = 00:00:00.001 . Memory (MB): peak = 1244.199 ; gain = 0.000

Phase 1.2 IO Placement/ Clock Placement/ Build Placer Device
INFO: [Timing 38-35] Done setting XDC timing constraints.
Phase 1.2 IO Placement/ Clock Placement/ Build Placer Device | Checksum: 5acb31f2

Time (s): cpu = 00:00:01 ; elapsed = 00:00:00.906 . Memory (MB): peak = 1244.199 ; gain = 0.000

Phase 1.3 Build Placer Netlist Model
Phase 1.3 Build Placer Netlist Model | Checksum: a9c2b5eb

Time (s): cpu = 00:00:02 ; elapsed = 00:00:01 . Memory (MB): peak = 1244.199 ; gain = 0.000

Phase 1.4 Constrain Clocks/Macros
Phase 1.4 Constrain Clocks/Macros | Checksum: a9c2b5eb

Time (s): cpu = 00:00:02 ; elapsed = 00:00:01 . Memory (MB): peak = 1244.199 ; gain = 0.000
Phase 1 Placer Initialization | Checksum: a9c2b5eb

Time (s): cpu = 00:00:02 ; elapsed = 00:00:01 . Memory (MB): peak = 1244.199 ; gain = 0.000

Phase 2 Global Placement
Phase 2 Global Placement | Checksum: 189617879

Time (s): cpu = 00:00:02 ; elapsed = 00:00:02 . Memory (MB): peak = 1244.199 ; gain = 0.000

Phase 3 Detail Placement

Phase 3.1 Commit Multi Column Macros
Phase 3.1 Commit Multi Column Macros | Checksum: 189617879

Time (s): cpu = 00:00:02 ; elapsed = 00:00:02 . Memory (MB): peak = 1244.199 ; gain = 0.000

Phase 3.2 Commit Most Macros & LUTRAMs
Phase 3.2 Commit Most Macros & LUTRAMs | Checksum: 1abc4b26f

Time (s): cpu = 00:00:02 ; elapsed = 00:00:02 . Memory (MB): peak = 1244.199 ; gain = 0.000

Phase 3.3 Area Swap Optimization
Phase 3.3 Area Swap Optimization | Checksum: 13b0ce15c

Time (s): cpu = 00:00:02 ; elapsed = 00:00:02 . Memory (MB): peak = 1244.199 ; gain = 0.000

Phase 3.4 Pipeline Register Optimization
Phase 3.4 Pipeline Register Optimization | Checksum: 13b0ce15c

Time (s): cpu = 00:00:02 ; elapsed = 00:00:02 . Memory (MB): peak = 1244.199 ; gain = 0.000

Phase 3.5 Small Shape Detail Placement
Phase 3.5 Small Shape Detail Placement | Checksum: 1cf1eb215

Time (s): cpu = 00:00:02 ; elapsed = 00:00:02 . Memory (MB): peak = 1244.199 ; gain = 0.000

Phase 3.6 Re-assign LUT pins
Phase 3.6 Re-assign LUT pins | Checksum: 1cf1eb215

Time (s): cpu = 00:00:02 ; elapsed = 00:00:02 . Memory (MB): peak = 1244.199 ; gain = 0.000

Phase 3.7 Pipeline Register Optimization
Phase 3.7 Pipeline Register Optimization | Checksum: 1cf1eb215

Time (s): cpu = 00:00:02 ; elapsed = 00:00:02 . Memory (MB): peak = 1244.199 ; gain = 0.000
Phase 3 Detail Placement | Checksum: 1cf1eb215

Time (s): cpu = 00:00:02 ; elapsed = 00:00:02 . Memory (MB): peak = 1244.199 ; gain = 0.000

Phase 4 Post Placement Optimization and Clean-Up

Phase 4.1 Post Commit Optimization
Phase 4.1 Post Commit Optimization | Checksum: 1cf1eb215

Time (s): cpu = 00:00:02 ; elapsed = 00:00:02 . Memory (MB): peak = 1244.199 ; gain = 0.000

Phase 4.2 Post Placement Cleanup
Phase 4.2 Post Placement Cleanup | Checksum: 1cf1eb215

Time (s): cpu = 00:00:02 ; elapsed = 00:00:02 . Memory (MB): peak = 1244.199 ; gain = 0.000

Phase 4.3 Placer Reporting
Phase 4.3 Placer Reporting | Checksum: 1cf1eb215

Time (s): cpu = 00:00:02 ; elapsed = 00:00:02 . Memory (MB): peak = 1244.199 ; gain = 0.000

Phase 4.4 Final Placement Cleanup
Phase 4.4 Final Placement Cleanup | Checksum: 1a6fe0122

Time (s): cpu = 00:00:02 ; elapsed = 00:00:02 . Memory (MB): peak = 1244.199 ; gain = 0.000
Phase 4 Post Placement Optimization and Clean-Up | Checksum: 1a6fe0122

Time (s): cpu = 00:00:02 ; elapsed = 00:00:02 . Memory (MB): peak = 1244.199 ; gain = 0.000
Ending Placer Task | Checksum: b8ac095f

Time (s): cpu = 00:00:02 ; elapsed = 00:00:02 . Memory (MB): peak = 1244.199 ; gain = 0.000
INFO: [Common 17-83] Releasing license: Implementation
48 Infos, 29 Warnings, 18 Critical Warnings and 0 Errors encountered.
place_design completed successfully
Writing placer database...
Writing XDEF routing.
Writing XDEF routing logical nets.
Writing XDEF routing special nets.
Write XDEF Complete: Time (s): cpu = 00:00:01 ; elapsed = 00:00:00.084 . Memory (MB): peak = 1244.199 ; gain = 0.000
INFO: [Common 17-1381] The checkpoint 'C:/Users/cesar/Desktop/Uni/Programas varios/MSC/modelado_de_sistemas_computacionales/PRAC_LIBRE/PRAC_LIBRE.runs/impl_1/top_system_placed.dcp' has been generated.
INFO: [runtcl-4] Executing : report_io -file top_system_io_placed.rpt
report_io: Time (s): cpu = 00:00:00 ; elapsed = 00:00:00.068 . Memory (MB): peak = 1244.199 ; gain = 0.000
INFO: [runtcl-4] Executing : report_utilization -file top_system_utilization_placed.rpt -pb top_system_utilization_placed.pb
report_utilization: Time (s): cpu = 00:00:00 ; elapsed = 00:00:00.032 . Memory (MB): peak = 1244.199 ; gain = 0.000
INFO: [runtcl-4] Executing : report_control_sets -verbose -file top_system_control_sets_placed.rpt
report_control_sets: Time (s): cpu = 00:00:00 ; elapsed = 00:00:00.004 . Memory (MB): peak = 1244.199 ; gain = 0.000
Command: route_design
Attempting to get a license for feature 'Implementation' and/or device 'xc7a35t'
INFO: [Common 17-349] Got license for feature 'Implementation' and/or device 'xc7a35t'
Running DRC as a precondition to command route_design
INFO: [DRC 23-27] Running DRC with 2 threads
INFO: [Vivado_Tcl 4-198] DRC finished with 0 Errors
INFO: [Vivado_Tcl 4-199] Please refer to the DRC report (report_drc) for more information.


Starting Routing Task
INFO: [Route 35-254] Multithreading enabled for route_design using a maximum of 2 CPUs
Checksum: PlaceDB: a6ae8e1d ConstDB: 0 ShapeSum: 11fd7b42 RouteDB: 0

Phase 1 Build RT Design
Phase 1 Build RT Design | Checksum: 11f78eeba

Time (s): cpu = 00:00:23 ; elapsed = 00:00:20 . Memory (MB): peak = 1244.199 ; gain = 0.000
Post Restoration Checksum: NetGraph: 9a9c15ff NumContArr: 84dcd8bb Constraints: 0 Timing: 0

Phase 2 Router Initialization
INFO: [Route 35-64] No timing constraints were detected. The router will operate in resource-optimization mode.

Phase 2.1 Fix Topology Constraints
Phase 2.1 Fix Topology Constraints | Checksum: 11f78eeba

Time (s): cpu = 00:00:23 ; elapsed = 00:00:20 . Memory (MB): peak = 1244.199 ; gain = 0.000

Phase 2.2 Pre Route Cleanup
Phase 2.2 Pre Route Cleanup | Checksum: 11f78eeba

Time (s): cpu = 00:00:23 ; elapsed = 00:00:20 . Memory (MB): peak = 1244.199 ; gain = 0.000
 Number of Nodes with overlaps = 0
Phase 2 Router Initialization | Checksum: 1458982cc

Time (s): cpu = 00:00:23 ; elapsed = 00:00:21 . Memory (MB): peak = 1244.199 ; gain = 0.000

Phase 3 Initial Routing
Phase 3 Initial Routing | Checksum: 143b87a02

Time (s): cpu = 00:00:23 ; elapsed = 00:00:21 . Memory (MB): peak = 1244.199 ; gain = 0.000

Phase 4 Rip-up And Reroute

Phase 4.1 Global Iteration 0
 Number of Nodes with overlaps = 33
 Number of Nodes with overlaps = 0
Phase 4.1 Global Iteration 0 | Checksum: 875c581c

Time (s): cpu = 00:00:23 ; elapsed = 00:00:21 . Memory (MB): peak = 1244.199 ; gain = 0.000
Phase 4 Rip-up And Reroute | Checksum: 875c581c

Time (s): cpu = 00:00:23 ; elapsed = 00:00:21 . Memory (MB): peak = 1244.199 ; gain = 0.000

Phase 5 Delay and Skew Optimization
Phase 5 Delay and Skew Optimization | Checksum: 875c581c

Time (s): cpu = 00:00:23 ; elapsed = 00:00:21 . Memory (MB): peak = 1244.199 ; gain = 0.000

Phase 6 Post Hold Fix

Phase 6.1 Hold Fix Iter
Phase 6.1 Hold Fix Iter | Checksum: 875c581c

Time (s): cpu = 00:00:23 ; elapsed = 00:00:21 . Memory (MB): peak = 1244.199 ; gain = 0.000
Phase 6 Post Hold Fix | Checksum: 875c581c

Time (s): cpu = 00:00:23 ; elapsed = 00:00:21 . Memory (MB): peak = 1244.199 ; gain = 0.000

Phase 7 Route finalize

Router Utilization Summary
  Global Vertical Routing Utilization    = 0.100295 %
  Global Horizontal Routing Utilization  = 0.0942218 %
  Routable Net Status*
  *Does not include unroutable nets such as driverless and loadless.
  Run report_route_status for detailed report.
  Number of Failed Nets               = 0
  Number of Unrouted Nets             = 0
  Number of Partially Routed Nets     = 0
  Number of Node Overlaps             = 0

Utilization threshold used for congestion level computation: 0.85
Congestion Report
North Dir 1x1 Area, Max Cong = 16.2162%, No Congested Regions.
South Dir 1x1 Area, Max Cong = 12.6126%, No Congested Regions.
East Dir 1x1 Area, Max Cong = 25%, No Congested Regions.
West Dir 1x1 Area, Max Cong = 13.2353%, No Congested Regions.
Phase 7 Route finalize | Checksum: 875c581c

Time (s): cpu = 00:00:23 ; elapsed = 00:00:21 . Memory (MB): peak = 1244.199 ; gain = 0.000

Phase 8 Verifying routed nets

 Verification completed successfully
Phase 8 Verifying routed nets | Checksum: 875c581c

Time (s): cpu = 00:00:23 ; elapsed = 00:00:21 . Memory (MB): peak = 1244.199 ; gain = 0.000

Phase 9 Depositing Routes
Phase 9 Depositing Routes | Checksum: c84af65d

Time (s): cpu = 00:00:23 ; elapsed = 00:00:21 . Memory (MB): peak = 1244.199 ; gain = 0.000
INFO: [Route 35-16] Router Completed Successfully

Time (s): cpu = 00:00:23 ; elapsed = 00:00:21 . Memory (MB): peak = 1244.199 ; gain = 0.000

Routing Is Done.
INFO: [Common 17-83] Releasing license: Implementation
60 Infos, 29 Warnings, 18 Critical Warnings and 0 Errors encountered.
route_design completed successfully
route_design: Time (s): cpu = 00:00:24 ; elapsed = 00:00:22 . Memory (MB): peak = 1244.199 ; gain = 0.000
Writing placer database...
Writing XDEF routing.
Writing XDEF routing logical nets.
Writing XDEF routing special nets.
Write XDEF Complete: Time (s): cpu = 00:00:00 ; elapsed = 00:00:00.093 . Memory (MB): peak = 1244.199 ; gain = 0.000
INFO: [Common 17-1381] The checkpoint 'C:/Users/cesar/Desktop/Uni/Programas varios/MSC/modelado_de_sistemas_computacionales/PRAC_LIBRE/PRAC_LIBRE.runs/impl_1/top_system_routed.dcp' has been generated.
INFO: [runtcl-4] Executing : report_drc -file top_system_drc_routed.rpt -pb top_system_drc_routed.pb -rpx top_system_drc_routed.rpx
Command: report_drc -file top_system_drc_routed.rpt -pb top_system_drc_routed.pb -rpx top_system_drc_routed.rpx
INFO: [IP_Flow 19-1839] IP Catalog is up to date.
INFO: [DRC 23-27] Running DRC with 2 threads
INFO: [Coretcl 2-168] The results of DRC are in file C:/Users/cesar/Desktop/Uni/Programas varios/MSC/modelado_de_sistemas_computacionales/PRAC_LIBRE/PRAC_LIBRE.runs/impl_1/top_system_drc_routed.rpt.
report_drc completed successfully
INFO: [runtcl-4] Executing : report_methodology -file top_system_methodology_drc_routed.rpt -pb top_system_methodology_drc_routed.pb -rpx top_system_methodology_drc_routed.rpx
Command: report_methodology -file top_system_methodology_drc_routed.rpt -pb top_system_methodology_drc_routed.pb -rpx top_system_methodology_drc_routed.rpx
INFO: [Timing 38-35] Done setting XDC timing constraints.
INFO: [Timing 38-35] Done setting XDC timing constraints.
INFO: [DRC 23-133] Running Methodology with 2 threads
INFO: [Coretcl 2-1520] The results of Report Methodology are in file C:/Users/cesar/Desktop/Uni/Programas varios/MSC/modelado_de_sistemas_computacionales/PRAC_LIBRE/PRAC_LIBRE.runs/impl_1/top_system_methodology_drc_routed.rpt.
report_methodology completed successfully
INFO: [runtcl-4] Executing : report_power -file top_system_power_routed.rpt -pb top_system_power_summary_routed.pb -rpx top_system_power_routed.rpx
Command: report_power -file top_system_power_routed.rpt -pb top_system_power_summary_routed.pb -rpx top_system_power_routed.rpx
WARNING: [Power 33-232] No user defined clocks were found in the design!
Resolution: Please specify clocks using create_clock/create_generated_clock for sequential elements. For pure combinatorial circuits, please specify a virtual clock, otherwise the vectorless estimation might be inaccurate
INFO: [Timing 38-35] Done setting XDC timing constraints.
Running Vector-less Activity Propagation...

Finished Running Vector-less Activity Propagation
72 Infos, 30 Warnings, 18 Critical Warnings and 0 Errors encountered.
report_power completed successfully
INFO: [runtcl-4] Executing : report_route_status -file top_system_route_status.rpt -pb top_system_route_status.pb
INFO: [runtcl-4] Executing : report_timing_summary -max_paths 10 -file top_system_timing_summary_routed.rpt -rpx top_system_timing_summary_routed.rpx -warn_on_violation 
INFO: [Timing 38-91] UpdateTimingParams: Speed grade: -1, Delay Type: min_max.
INFO: [Timing 38-191] Multithreading enabled for timing update using a maximum of 2 CPUs
WARNING: [Timing 38-313] There are no user specified timing constraints. Timing constraints are needed for proper timing analysis.
INFO: [runtcl-4] Executing : report_incremental_reuse -file top_system_incremental_reuse_routed.rpt
INFO: [Vivado_Tcl 4-545] No incremental reuse to report, no incremental placement and routing data was found.
INFO: [runtcl-4] Executing : report_clock_utilization -file top_system_clock_utilization_routed.rpt
INFO: [Common 17-206] Exiting Vivado at Thu May 13 18:09:06 2021...
